Arguments: 
  /usr/local/Cellar/node/9.9.0/bin/node /usr/local/Cellar/yarn/1.5.1_1/libexec/bin/yarn.js install

PATH: 
  /usr/local/bin:/usr/bin:/bin:/usr/sbin:/sbin

Yarn version: 
  1.5.1

Node version: 
  9.9.0

Platform: 
  darwin x64

npm manifest: 
  {
    "name": "emma-replicator",
    "version": "1.0.0",
    "private": true,
    "author": {
      "name": "Jure Sotosek",
      "url": "https://www.github.com/juresotosek"
    },
    "scripts": {
      "dev": "babel-node src/index.js",
      "start": "node lib/index.js",
      "install": "npm run build",
      "build": "babel src -d lib",
      "format": "prettier --write **/*.{js,json}",
      "doctoc": "doctoc --notitle --maxlevel 3 README.md"
    },
    "license": "MIT",
    "dependencies": {
      "babel-cli": "6.26.0",
      "babel-preset-env": "1.7.0",
      "babel-preset-stage-2": "6.24.1",
      "concat-map": "^0.0.1",
      "dotenv": "6.0.0",
      "elasticsearch": "^15.1.1",
      "got": "^8.3.2",
      "nice-package": "^3.0.3",
      "npm": "^6.1.0",
      "pouchdb": "^7.0.0"
    },
    "devDependencies": {
      "doctoc": "1.3.1",
      "prettier": "1.13.5"
    },
    "engines": {
      "node": "9.9.2"
    }
  }

yarn manifest: 
  No manifest

Lockfile: 
  No lockfile

Trace: 
  Error: Found incompatible module
      at new MessageError (/usr/local/Cellar/yarn/1.5.1_1/libexec/lib/cli.js:186:110)
      at Object.checkOne (/usr/local/Cellar/yarn/1.5.1_1/libexec/lib/cli.js:62444:11)
      at /usr/local/Cellar/yarn/1.5.1_1/libexec/lib/cli.js:22773:75
      at Generator.next (<anonymous>)
      at step (/usr/local/Cellar/yarn/1.5.1_1/libexec/lib/cli.js:98:30)
      at /usr/local/Cellar/yarn/1.5.1_1/libexec/lib/cli.js:116:14
      at new Promise (<anonymous>)
      at new F (/usr/local/Cellar/yarn/1.5.1_1/libexec/lib/cli.js:23451:28)
      at /usr/local/Cellar/yarn/1.5.1_1/libexec/lib/cli.js:95:12
      at /usr/local/Cellar/yarn/1.5.1_1/libexec/lib/cli.js:22777:27
